<?xml version="1.0" encoding="UTF-8" ?>
<testsuites>
<testsuite name="Frisby Test: Get API" errors="0" tests="1" failures="0" time="0.023" timestamp="2014-10-29T11:10:32">
  <testcase classname="Frisby Test: Get API" name="
	[ GET http://localhost:3000/msgs/messages ]" time="0.022"></testcase>
</testsuite>
</testsuites>